{"level":"fatal","message":"could not connect to mongoDB: MongooseServerSelectionError: getaddrinfo ENOTFOUND localhost111111","timestamp":"2022-09-07T17:03:48.874Z"}
{"level":"info","message":"connected to mongo","timestamp":"2022-09-07T17:36:13.320Z"}
{"level":"info","message":"connected to mongo","timestamp":"2022-09-07T17:36:28.591Z"}
{"level":"info","message":"connected to mongo","timestamp":"2022-09-07T17:36:42.054Z"}
{"level":"info","message":"connected to mongo","timestamp":"2022-09-07T17:37:00.575Z"}
{"level":"info","message":"connected to mongo","timestamp":"2022-09-07T17:37:43.588Z"}
{"level":"info","message":"connected to mongo","timestamp":"2022-09-07T17:37:47.993Z"}
{"level":"info","message":"connected to mongo","timestamp":"2022-09-07T17:37:51.929Z"}
{"level":"info","message":"","timestamp":"2022-09-07T17:38:10.459Z"}
{"level":"info","message":"connected to mongo","timestamp":"2022-09-07T17:38:27.486Z"}
{"level":"info","message":"connected to mongo","timestamp":"2022-09-07T17:38:30.421Z"}
{"level":"info","message":"connected to mongo","timestamp":"2022-09-07T17:38:39.438Z"}
{"level":"info","message":"connected to mongo","timestamp":"2022-09-07T17:38:50.313Z"}
{"level":"info","message":"connected to mongo","timestamp":"2022-09-07T17:38:53.028Z"}
{"level":"info","message":"connected to mongo","timestamp":"2022-09-07T17:39:04.620Z"}
{"level":"info","message":"connected to mongo","timestamp":"2022-09-07T17:39:06.775Z"}
{"level":"info","message":"connected to mongo","timestamp":"2022-09-07T17:39:09.211Z"}
{"level":"info","message":"connected to mongo","timestamp":"2022-09-07T17:41:03.000Z"}
{"level":"info","message":"connected to mongo","timestamp":"2022-09-07T17:46:14.074Z"}
{"level":"info","message":"connected to mongo","timestamp":"2022-09-08T09:24:34.089Z"}
{"level":"info","message":"connected to mongo","timestamp":"2022-09-08T09:25:39.432Z"}
{"level":"info","message":"connected to mongo","timestamp":"2022-09-08T11:01:22.459Z"}
{"level":"info","message":"connected to mongo","timestamp":"2022-09-08T11:01:25.326Z"}
{"level":"info","message":"connected to mongo","timestamp":"2022-09-08T12:26:05.846Z"}
{"level":"info","message":"connected to mongo","timestamp":"2022-09-08T16:12:35.224Z"}
{"level":"info","message":"connected to mongo","timestamp":"2022-09-08T16:26:34.609Z"}
{"level":"info","message":"connected to mongo","timestamp":"2022-09-08T19:43:26.431Z"}
{"level":"info","message":"connected to mongo","timestamp":"2022-09-09T13:22:47.049Z"}
{"level":"info","message":"connected to mongo","timestamp":"2022-09-09T19:59:02.791Z"}
{"level":"info","message":"connected to mongo","timestamp":"2022-09-11T10:34:01.653Z"}
{"level":"info","message":"connected to mongo","timestamp":"2022-09-11T12:35:45.182Z"}
{"level":"info","message":"connected to mongo","timestamp":"2022-09-11T15:25:19.318Z"}
{"level":"info","message":"connected to mongo","timestamp":"2022-09-11T15:25:25.523Z"}
{"level":"info","message":"connected to mongo","timestamp":"2022-09-11T15:25:33.892Z"}
{"level":"info","message":"connected to mongo","timestamp":"2022-09-11T15:25:38.973Z"}
{"level":"info","message":"connected to mongo","timestamp":"2022-09-11T15:25:42.255Z"}
{"level":"info","message":"connected to mongo","timestamp":"2022-09-11T15:26:36.824Z"}
{"level":"info","message":"connected to mongo","timestamp":"2022-09-11T15:30:39.853Z"}
{"level":"info","message":"connected to mongo","timestamp":"2022-09-13T08:38:28.468Z"}
{"level":"info","message":"connected to mongo","timestamp":"2022-09-13T10:07:41.115Z"}
{"level":"info","message":"connected to mongo","timestamp":"2022-09-13T10:07:46.771Z"}
{"level":"info","message":"connected to mongo","timestamp":"2022-09-13T10:08:00.938Z"}
{"level":"info","message":"connected to mongo","timestamp":"2022-09-13T10:08:09.205Z"}
{"level":"info","message":"connected to mongo","timestamp":"2022-09-13T10:08:19.193Z"}
{"level":"info","message":"connected to mongo","timestamp":"2022-09-13T10:09:43.838Z"}
{"level":"info","message":"connected to mongo","timestamp":"2022-09-13T10:10:14.361Z"}
{"level":"info","message":"connected to mongo","timestamp":"2022-09-13T10:10:43.818Z"}
{"level":"info","message":"connected to mongo","timestamp":"2022-09-13T10:10:49.228Z"}
{"level":"info","message":"connected to mongo","timestamp":"2022-09-13T10:19:23.673Z"}
{"level":"info","message":"connected to mongo","timestamp":"2022-09-13T10:19:36.940Z"}
{"level":"info","message":"connected to mongo","timestamp":"2022-09-13T10:20:40.677Z"}
{"level":"info","message":"connected to mongo","timestamp":"2022-09-13T10:20:42.478Z"}
{"level":"info","message":"connected to mongo","timestamp":"2022-09-13T10:20:51.032Z"}
{"level":"info","message":"connected to mongo","timestamp":"2022-09-13T10:21:02.883Z"}
{"level":"info","message":"connected to mongo","timestamp":"2022-09-13T10:21:14.653Z"}
{"level":"info","message":"connected to mongo","timestamp":"2022-09-13T10:21:19.381Z"}
{"level":"info","message":"connected to mongo","timestamp":"2022-09-13T10:21:27.061Z"}
{"level":"info","message":"connected to mongo","timestamp":"2022-09-13T10:21:35.400Z"}
{"level":"info","message":"connected to mongo","timestamp":"2022-09-13T10:21:38.191Z"}
{"level":"info","message":"connected to mongo","timestamp":"2022-09-13T10:56:47.748Z"}
{"level":"info","message":"connected to mongo","timestamp":"2022-09-13T10:56:49.061Z"}
{"level":"info","message":"connected to mongo","timestamp":"2022-09-13T10:56:55.203Z"}
{"level":"info","message":"connected to mongo","timestamp":"2022-09-13T10:56:57.137Z"}
{"level":"info","message":"connected to mongo","timestamp":"2022-09-13T10:57:11.040Z"}
{"level":"info","message":"connected to mongo","timestamp":"2022-09-13T10:57:14.595Z"}
{"level":"info","message":"connected to mongo","timestamp":"2022-09-13T10:57:22.202Z"}
{"level":"info","message":"connected to mongo","timestamp":"2022-09-13T10:57:57.719Z"}
{"level":"info","message":"connected to mongo","timestamp":"2022-09-13T10:58:00.578Z"}
{"level":"info","message":"connected to mongo","timestamp":"2022-09-13T10:58:31.631Z"}
{"level":"info","message":"connected to mongo","timestamp":"2022-09-13T10:58:49.081Z"}
{"level":"info","message":"connected to mongo","timestamp":"2022-09-13T10:59:01.082Z"}
{"level":"info","message":"connected to mongo","timestamp":"2022-09-13T10:59:32.755Z"}
{"level":"info","message":"connected to mongo","timestamp":"2022-09-13T11:10:11.159Z"}
{"level":"info","message":"connected to mongo","timestamp":"2022-09-13T11:10:13.031Z"}
{"level":"info","message":"connected to mongo","timestamp":"2022-09-13T11:10:14.899Z"}
{"level":"info","message":"connected to mongo","timestamp":"2022-09-13T11:11:23.136Z"}
{"level":"info","message":"connected to mongo","timestamp":"2022-09-13T11:11:35.472Z"}
{"level":"info","message":"connected to mongo","timestamp":"2022-09-13T11:11:44.834Z"}
{"level":"info","message":"connected to mongo","timestamp":"2022-09-13T11:11:51.952Z"}
{"level":"info","message":"connected to mongo","timestamp":"2022-09-13T11:12:00.940Z"}
{"level":"info","message":"connected to mongo","timestamp":"2022-09-13T11:12:08.187Z"}
{"level":"info","message":"connected to mongo","timestamp":"2022-09-13T11:13:14.765Z"}
{"level":"info","message":"connected to mongo","timestamp":"2022-09-13T11:27:40.532Z"}
{"level":"info","message":"connected to mongo","timestamp":"2022-09-13T11:28:57.525Z"}
{"level":"info","message":"connected to mongo","timestamp":"2022-09-13T11:32:27.394Z"}
{"level":"info","message":"connected to mongo","timestamp":"2022-09-13T11:32:31.526Z"}
{"level":"info","message":"connected to mongo","timestamp":"2022-09-13T11:32:34.582Z"}
{"level":"info","message":"connected to mongo","timestamp":"2022-09-13T11:32:39.670Z"}
{"level":"info","message":"connected to mongo","timestamp":"2022-09-13T11:34:57.420Z"}
{"level":"info","message":"connected to mongo","timestamp":"2022-09-13T11:36:14.291Z"}
{"level":"info","message":"connected to mongo","timestamp":"2022-09-13T11:36:45.865Z"}
{"level":"info","message":"connected to mongo","timestamp":"2022-09-13T11:49:32.788Z"}
{"level":"info","message":"connected to mongo","timestamp":"2022-09-13T11:49:40.386Z"}
{"level":"info","message":"connected to mongo","timestamp":"2022-09-13T11:49:42.654Z"}
{"level":"info","message":"connected to mongo","timestamp":"2022-09-13T11:52:24.856Z"}
{"level":"info","message":"connected to mongo","timestamp":"2022-09-13T17:45:23.582Z"}
{"level":"info","message":"connected to mongo","timestamp":"2022-09-13T17:45:30.921Z"}
{"level":"info","message":"connected to mongo","timestamp":"2022-09-13T18:04:43.842Z"}
{"level":"info","message":"connected to mongo","timestamp":"2022-09-13T22:53:54.128Z"}
{"level":"info","message":"connected to mongo","timestamp":"2022-09-14T08:46:54.721Z"}
{"level":"info","message":"connected to mongo","timestamp":"2022-09-14T09:36:29.769Z"}
{"level":"info","message":"connected to mongo","timestamp":"2022-09-14T09:36:47.929Z"}
{"level":"info","message":"connected to mongo","timestamp":"2022-09-14T09:37:05.892Z"}
{"level":"info","message":"connected to mongo","timestamp":"2022-09-14T09:38:18.081Z"}
{"level":"info","message":"connected to mongo","timestamp":"2022-09-14T09:39:50.457Z"}
{"level":"info","message":"connected to mongo","timestamp":"2022-09-14T09:41:27.316Z"}
{"level":"info","message":"connected to mongo","timestamp":"2022-09-14T09:41:30.063Z"}
{"level":"info","message":"connected to mongo","timestamp":"2022-09-14T09:55:42.256Z"}
{"level":"info","message":"connected to mongo","timestamp":"2022-09-14T10:06:01.983Z"}
{"level":"info","message":"connected to mongo","timestamp":"2022-09-14T10:09:18.104Z"}
{"level":"info","message":"connected to mongo","timestamp":"2022-09-14T10:09:24.621Z"}
{"level":"info","message":"connected to mongo","timestamp":"2022-09-14T10:09:42.644Z"}
{"level":"info","message":"connected to mongo","timestamp":"2022-09-14T10:09:59.327Z"}
{"level":"info","message":"connected to mongo","timestamp":"2022-09-14T10:10:01.210Z"}
{"level":"info","message":"connected to mongo","timestamp":"2022-09-14T10:10:05.568Z"}
{"level":"info","message":"connected to mongo","timestamp":"2022-09-14T10:10:08.869Z"}
{"level":"info","message":"connected to mongo","timestamp":"2022-09-15T09:09:51.462Z"}
{"level":"info","message":"connected to mongo","timestamp":"2022-09-15T09:10:27.404Z"}
{"level":"info","message":"connected to mongo","timestamp":"2022-09-15T09:10:29.117Z"}
{"level":"info","message":"connected to mongo","timestamp":"2022-09-15T09:10:31.276Z"}
{"level":"info","message":"connected to mongo","timestamp":"2022-09-15T09:10:40.521Z"}
{"level":"info","message":"connected to mongo","timestamp":"2022-09-15T09:11:05.766Z"}
{"level":"info","message":"connected to mongo","timestamp":"2022-09-15T09:11:07.868Z"}
{"level":"info","message":"connected to mongo","timestamp":"2022-09-15T09:11:22.995Z"}
{"level":"info","message":"connected to mongo","timestamp":"2022-09-15T09:11:32.338Z"}
{"level":"info","message":"connected to mongo","timestamp":"2022-09-15T09:11:47.122Z"}
{"level":"info","message":"connected to mongo","timestamp":"2022-09-15T09:11:58.292Z"}
{"level":"info","message":"connected to mongo","timestamp":"2022-09-15T09:12:19.050Z"}
{"level":"info","message":"connected to mongo","timestamp":"2022-09-15T09:12:26.114Z"}
{"level":"info","message":"connected to mongo","timestamp":"2022-09-15T09:12:30.391Z"}
{"level":"info","message":"connected to mongo","timestamp":"2022-09-15T09:12:52.452Z"}
{"level":"info","message":"connected to mongo","timestamp":"2022-09-15T09:13:04.493Z"}
{"level":"info","message":"connected to mongo","timestamp":"2022-09-15T09:13:08.368Z"}
{"level":"info","message":"connected to mongo","timestamp":"2022-09-15T09:13:14.976Z"}
{"level":"info","message":"connected to mongo","timestamp":"2022-09-15T09:13:29.323Z"}
{"level":"info","message":"connected to mongo","timestamp":"2022-09-15T09:14:41.977Z"}
{"level":"info","message":"connected to mongo","timestamp":"2022-09-15T09:16:55.446Z"}
{"level":"info","message":"connected to mongo","timestamp":"2022-09-15T09:17:05.050Z"}
{"level":"info","message":"connected to mongo","timestamp":"2022-09-15T09:17:10.318Z"}
{"level":"info","message":"connected to mongo","timestamp":"2022-09-15T09:17:37.183Z"}
{"level":"info","message":"connected to mongo","timestamp":"2022-09-15T09:18:18.969Z"}
{"level":"info","message":"connected to mongo","timestamp":"2022-09-15T09:18:29.700Z"}
{"level":"info","message":"connected to mongo","timestamp":"2022-09-15T09:18:48.829Z"}
{"level":"info","message":"connected to mongo","timestamp":"2022-09-15T09:18:52.186Z"}
{"level":"info","message":"connected to mongo","timestamp":"2022-09-15T09:19:16.513Z"}
{"level":"info","message":"connected to mongo","timestamp":"2022-09-15T14:49:49.605Z"}
{"level":"info","message":"connected to mongo","timestamp":"2022-09-15T19:26:25.218Z"}
{"level":"info","message":"connected to mongo","timestamp":"2022-09-15T19:39:40.517Z"}
{"level":"info","message":"connected to mongo","timestamp":"2022-09-15T19:39:42.534Z"}
{"level":"info","message":"connected to mongo","timestamp":"2022-09-15T19:39:48.023Z"}
{"level":"info","message":"connected to mongo","timestamp":"2022-09-15T19:39:56.175Z"}
{"level":"info","message":"connected to mongo","timestamp":"2022-09-15T19:39:59.101Z"}
{"level":"info","message":"connected to mongo","timestamp":"2022-09-15T19:40:04.579Z"}
{"level":"info","message":"connected to mongo","timestamp":"2022-09-15T19:40:09.597Z"}
{"level":"info","message":"connected to mongo","timestamp":"2022-09-15T19:41:09.816Z"}
{"level":"info","message":"connected to mongo","timestamp":"2022-09-15T19:41:42.127Z"}
{"level":"info","message":"connected to mongo","timestamp":"2022-09-15T19:45:18.692Z"}
{"level":"info","message":"connected to mongo","timestamp":"2022-09-15T19:45:32.599Z"}
{"level":"info","message":"connected to mongo","timestamp":"2022-09-15T19:45:56.487Z"}
{"level":"info","message":"connected to mongo","timestamp":"2022-09-15T19:47:40.821Z"}
{"level":"info","message":"connected to mongo","timestamp":"2022-09-15T19:47:43.508Z"}
{"level":"info","message":"connected to mongo","timestamp":"2022-09-16T09:14:02.812Z"}
{"level":"info","message":"connected to mongo","timestamp":"2022-09-16T09:15:40.721Z"}
{"level":"info","message":"connected to mongo","timestamp":"2022-09-16T09:15:55.770Z"}
{"level":"info","message":"connected to mongo","timestamp":"2022-09-16T09:16:49.017Z"}
{"level":"info","message":"connected to mongo","timestamp":"2022-09-16T09:16:55.458Z"}
{"level":"info","message":"connected to mongo","timestamp":"2022-09-16T09:17:12.875Z"}
{"level":"info","message":"connected to mongo","timestamp":"2022-09-16T09:17:38.131Z"}
{"level":"info","message":"connected to mongo","timestamp":"2022-09-16T09:17:40.962Z"}
{"level":"info","message":"connected to mongo","timestamp":"2022-09-16T09:18:25.766Z"}
{"level":"info","message":"connected to mongo","timestamp":"2022-09-16T09:18:54.737Z"}
{"level":"info","message":"connected to mongo","timestamp":"2022-09-16T09:19:05.846Z"}
{"level":"info","message":"connected to mongo","timestamp":"2022-09-16T09:19:10.560Z"}
{"level":"info","message":"connected to mongo","timestamp":"2022-09-16T09:19:33.609Z"}
{"level":"info","message":"connected to mongo","timestamp":"2022-09-16T09:19:41.002Z"}
{"level":"info","message":"connected to mongo","timestamp":"2022-09-16T09:19:44.193Z"}
{"level":"info","message":"connected to mongo","timestamp":"2022-09-16T09:19:48.875Z"}
{"level":"info","message":"connected to mongo","timestamp":"2022-09-16T09:20:09.635Z"}
{"level":"info","message":"connected to mongo","timestamp":"2022-09-16T09:20:23.783Z"}
{"level":"info","message":"connected to mongo","timestamp":"2022-09-16T09:20:35.655Z"}
{"level":"info","message":"connected to mongo","timestamp":"2022-09-16T09:20:40.488Z"}
{"level":"info","message":"connected to mongo","timestamp":"2022-09-16T09:20:55.231Z"}
{"level":"info","message":"connected to mongo","timestamp":"2022-09-16T09:23:00.334Z"}
{"level":"info","message":"connected to mongo","timestamp":"2022-09-16T09:25:24.537Z"}
{"level":"info","message":"connected to mongo","timestamp":"2022-09-16T09:26:26.785Z"}
{"level":"info","message":"connected to mongo","timestamp":"2022-09-16T09:26:28.711Z"}
{"level":"info","message":"connected to mongo","timestamp":"2022-09-16T09:26:35.742Z"}
{"level":"info","message":"connected to mongo","timestamp":"2022-09-16T09:26:53.448Z"}
{"level":"info","message":"connected to mongo","timestamp":"2022-09-16T09:26:58.499Z"}
{"level":"info","message":"connected to mongo","timestamp":"2022-09-16T09:27:18.112Z"}
{"level":"info","message":"connected to mongo","timestamp":"2022-09-16T09:36:00.247Z"}
{"level":"info","message":"connected to mongo","timestamp":"2022-09-16T09:52:56.480Z"}
{"level":"info","message":"connected to mongo","timestamp":"2022-09-16T09:52:58.976Z"}
{"level":"info","message":"connected to mongo","timestamp":"2022-09-16T10:25:51.005Z"}
{"level":"info","message":"connected to mongo","timestamp":"2022-09-16T16:07:08.139Z"}
{"level":"info","message":"connected to mongo","timestamp":"2022-09-16T16:09:07.801Z"}
{"level":"info","message":"connected to mongo","timestamp":"2022-09-16T16:31:35.033Z"}
{"level":"info","message":"connected to mongo","timestamp":"2022-09-16T16:31:49.031Z"}
{"level":"info","message":"connected to mongo","timestamp":"2022-09-16T16:31:54.238Z"}
{"level":"info","message":"connected to mongo","timestamp":"2022-09-16T21:20:06.836Z"}
{"level":"info","message":"connected to mongo","timestamp":"2022-09-16T21:20:11.706Z"}
{"level":"info","message":"connected to mongo","timestamp":"2022-09-16T21:20:43.148Z"}
{"level":"info","message":"connected to mongo","timestamp":"2022-09-16T21:20:46.748Z"}
{"level":"info","message":"connected to mongo","timestamp":"2022-09-16T21:20:49.500Z"}
{"level":"info","message":"connected to mongo","timestamp":"2022-09-16T21:20:52.814Z"}
{"level":"info","message":"connected to mongo","timestamp":"2022-09-16T21:20:54.833Z"}
{"level":"info","message":"connected to mongo","timestamp":"2022-09-16T21:21:03.741Z"}
{"level":"info","message":"connected to mongo","timestamp":"2022-09-16T21:21:33.340Z"}
{"level":"info","message":"connected to mongo","timestamp":"2022-09-16T21:21:37.261Z"}
{"level":"info","message":"connected to mongo","timestamp":"2022-09-16T21:21:40.497Z"}
{"level":"info","message":"connected to mongo","timestamp":"2022-09-16T21:21:46.253Z"}
{"level":"info","message":"connected to mongo","timestamp":"2022-09-16T21:21:59.753Z"}
{"level":"info","message":"connected to mongo","timestamp":"2022-09-16T21:22:02.091Z"}
{"level":"info","message":"connected to mongo","timestamp":"2022-09-16T21:22:05.328Z"}
{"level":"info","message":"connected to mongo","timestamp":"2022-09-16T21:22:15.045Z"}
{"level":"info","message":"connected to mongo","timestamp":"2022-09-16T21:22:24.297Z"}
{"level":"info","message":"connected to mongo","timestamp":"2022-09-16T22:48:26.618Z"}
{"level":"info","message":"connected to mongo","timestamp":"2022-09-16T22:52:17.138Z"}
{"level":"info","message":"connected to mongo","timestamp":"2022-09-17T14:33:26.119Z"}
{"level":"info","message":"connected to mongo","timestamp":"2022-09-17T19:33:45.671Z"}
{"level":"info","message":"connected to mongo","timestamp":"2022-09-17T19:44:37.115Z"}
{"level":"info","message":"connected to mongo","timestamp":"2022-09-17T19:45:09.642Z"}
{"level":"info","message":"connected to mongo","timestamp":"2022-09-17T19:45:14.111Z"}
{"level":"info","message":"connected to mongo","timestamp":"2022-09-17T19:47:36.646Z"}
{"level":"info","message":"connected to mongo","timestamp":"2022-09-17T19:48:18.360Z"}
{"level":"info","message":"connected to mongo","timestamp":"2022-09-17T19:48:22.405Z"}
{"level":"info","message":"connected to mongo","timestamp":"2022-09-17T19:48:31.014Z"}
{"level":"info","message":"connected to mongo","timestamp":"2022-09-17T19:49:31.826Z"}
{"level":"info","message":"connected to mongo","timestamp":"2022-09-17T19:50:00.359Z"}
{"level":"info","message":"connected to mongo","timestamp":"2022-09-17T19:50:08.438Z"}
{"level":"info","message":"connected to mongo","timestamp":"2022-09-17T19:51:26.349Z"}
{"level":"info","message":"connected to mongo","timestamp":"2022-09-17T19:52:10.565Z"}
{"level":"info","message":"connected to mongo","timestamp":"2022-09-17T19:52:13.816Z"}
{"level":"info","message":"connected to mongo","timestamp":"2022-09-17T19:52:37.243Z"}
{"level":"info","message":"connected to mongo","timestamp":"2022-09-17T19:52:43.349Z"}
{"level":"info","message":"connected to mongo","timestamp":"2022-09-17T19:52:56.900Z"}
{"level":"info","message":"connected to mongo","timestamp":"2022-09-17T19:53:01.871Z"}
{"level":"info","message":"connected to mongo","timestamp":"2022-09-17T20:02:47.465Z"}
{"level":"info","message":"connected to mongo","timestamp":"2022-09-17T20:03:19.972Z"}
{"level":"info","message":"connected to mongo","timestamp":"2022-09-17T20:05:34.682Z"}
{"level":"info","message":"connected to mongo","timestamp":"2022-09-17T22:40:26.367Z"}
{"level":"info","message":"connected to mongo","timestamp":"2022-09-18T10:05:24.633Z"}
{"level":"info","message":"connected to mongo","timestamp":"2022-09-18T10:10:46.802Z"}
{"level":"info","message":"connected to mongo","timestamp":"2022-09-18T10:11:01.166Z"}
{"level":"info","message":"connected to mongo","timestamp":"2022-09-18T10:11:02.953Z"}
{"level":"info","message":"connected to mongo","timestamp":"2022-09-18T10:12:09.202Z"}
{"level":"info","message":"connected to mongo","timestamp":"2022-09-18T10:14:35.370Z"}
{"level":"info","message":"connected to mongo","timestamp":"2022-09-18T10:14:43.316Z"}
{"level":"info","message":"connected to mongo","timestamp":"2022-09-18T10:15:07.354Z"}
{"level":"info","message":"connected to mongo","timestamp":"2022-09-18T10:15:10.838Z"}
{"level":"info","message":"connected to mongo","timestamp":"2022-09-18T10:15:41.521Z"}
{"level":"info","message":"connected to mongo","timestamp":"2022-09-18T10:15:47.313Z"}
{"level":"info","message":"connected to mongo","timestamp":"2022-09-18T10:15:53.491Z"}
{"level":"info","message":"connected to mongo","timestamp":"2022-09-18T10:17:51.433Z"}
{"level":"info","message":"connected to mongo","timestamp":"2022-09-18T10:17:57.627Z"}
{"level":"info","message":"connected to mongo","timestamp":"2022-09-18T10:18:49.022Z"}
{"level":"info","message":"connected to mongo","timestamp":"2022-09-18T10:19:08.404Z"}
{"level":"info","message":"connected to mongo","timestamp":"2022-09-18T10:19:25.108Z"}
{"level":"info","message":"connected to mongo","timestamp":"2022-09-18T10:19:29.914Z"}
{"level":"info","message":"connected to mongo","timestamp":"2022-09-18T10:19:50.176Z"}
{"level":"info","message":"connected to mongo","timestamp":"2022-09-18T10:21:07.579Z"}
{"level":"info","message":"connected to mongo","timestamp":"2022-09-18T10:21:14.219Z"}
{"level":"info","message":"connected to mongo","timestamp":"2022-09-18T10:27:38.288Z"}
{"level":"info","message":"connected to mongo","timestamp":"2022-09-18T13:17:13.994Z"}
{"level":"info","message":"connected to mongo","timestamp":"2022-09-18T13:17:24.146Z"}
{"level":"info","message":"connected to mongo","timestamp":"2022-09-18T13:17:27.136Z"}
{"level":"info","message":"connected to mongo","timestamp":"2022-09-18T15:34:44.811Z"}
{"level":"info","message":"connected to mongo","timestamp":"2022-09-18T15:34:50.612Z"}
{"level":"info","message":"connected to mongo","timestamp":"2022-09-18T15:34:55.987Z"}
{"level":"info","message":"connected to mongo","timestamp":"2022-09-18T15:35:02.018Z"}
{"level":"info","message":"connected to mongo","timestamp":"2022-09-18T15:35:07.891Z"}
{"level":"info","message":"connected to mongo","timestamp":"2022-09-18T15:35:27.207Z"}
{"level":"info","message":"connected to mongo","timestamp":"2022-09-18T15:35:29.129Z"}
{"level":"info","message":"connected to mongo","timestamp":"2022-09-18T15:35:32.471Z"}
{"level":"info","message":"connected to mongo","timestamp":"2022-09-18T15:35:37.683Z"}
{"level":"info","message":"connected to mongo","timestamp":"2022-09-18T15:36:19.822Z"}
{"level":"info","message":"connected to mongo","timestamp":"2022-09-18T15:37:34.767Z"}
{"level":"info","message":"connected to mongo","timestamp":"2022-09-18T23:45:45.749Z"}
{"level":"info","message":"connected to mongo","timestamp":"2022-09-19T15:38:25.869Z"}
{"level":"info","message":"connected to mongo","timestamp":"2022-09-19T19:14:52.515Z"}
{"level":"info","message":"connected to mongo","timestamp":"2022-09-19T19:16:36.271Z"}
{"level":"info","message":"connected to mongo","timestamp":"2022-09-19T19:16:54.645Z"}
{"level":"info","message":"connected to mongo","timestamp":"2022-09-19T19:16:58.127Z"}
{"level":"info","message":"connected to mongo","timestamp":"2022-09-19T19:17:28.564Z"}
{"level":"info","message":"connected to mongo","timestamp":"2022-09-19T19:17:53.390Z"}
{"level":"info","message":"connected to mongo","timestamp":"2022-09-19T19:18:17.865Z"}
{"level":"info","message":"connected to mongo","timestamp":"2022-09-19T19:18:30.254Z"}
{"level":"info","message":"connected to mongo","timestamp":"2022-09-19T19:18:33.593Z"}
{"level":"fatal","message":"getaddrinfo ENOTFOUND smtp.gmail.com","timestamp":"2022-09-19T19:20:50.251Z"}
{"level":"info","message":"connected to mongo","timestamp":"2022-09-19T19:22:27.804Z"}
{"level":"fatal","message":"getaddrinfo ENOTFOUND smtp.gmail.com","timestamp":"2022-09-19T19:23:15.195Z"}
{"level":"info","message":"connected to mongo","timestamp":"2022-09-19T19:24:48.221Z"}
{"level":"fatal","message":"getaddrinfo ENOTFOUND smtp.gmail.com","timestamp":"2022-09-19T19:24:59.246Z"}
{"level":"info","message":"connected to mongo","timestamp":"2022-09-19T19:25:21.111Z"}
{"level":"fatal","message":"getaddrinfo ENOTFOUND smtp.gmail.com","timestamp":"2022-09-19T19:25:37.681Z"}
{"level":"info","message":"connected to mongo","timestamp":"2022-09-19T19:26:02.737Z"}
{"level":"info","message":"connected to mongo","timestamp":"2022-09-19T19:26:54.515Z"}
{"level":"fatal","message":"getaddrinfo ENOTFOUND smtp.gmail.com","timestamp":"2022-09-19T19:27:01.592Z"}
{"level":"info","message":"connected to mongo","timestamp":"2022-09-19T19:27:45.995Z"}
{"level":"info","message":"connected to mongo","timestamp":"2022-09-19T19:27:49.522Z"}
{"level":"info","message":"connected to mongo","timestamp":"2022-09-19T19:28:12.213Z"}
{"level":"info","message":"connected to mongo","timestamp":"2022-09-19T19:28:32.398Z"}
{"level":"info","message":"connected to mongo","timestamp":"2022-09-19T19:28:58.733Z"}
{"level":"info","message":"connected to mongo","timestamp":"2022-09-19T19:29:21.901Z"}
{"level":"info","message":"connected to mongo","timestamp":"2022-09-19T19:29:40.580Z"}
{"level":"fatal","message":"Can not use IPv4 addresses with current network","timestamp":"2022-09-19T19:29:58.345Z"}
{"level":"info","message":"connected to mongo","timestamp":"2022-09-19T19:30:47.872Z"}
{"level":"info","message":"connected to mongo","timestamp":"2022-09-19T19:31:33.457Z"}
{"level":"info","message":"connected to mongo","timestamp":"2022-09-19T19:31:36.698Z"}
{"level":"info","message":"connected to mongo","timestamp":"2022-09-25T19:14:47.364Z"}
{"level":"info","message":"connected to mongo","timestamp":"2022-09-25T20:26:59.391Z"}
{"level":"info","message":"connected to mongo","timestamp":"2022-09-25T20:27:11.002Z"}
{"level":"info","message":"connected to mongo","timestamp":"2022-09-27T13:54:06.562Z"}
{"level":"info","message":"connected to mongo","timestamp":"2022-09-27T14:18:09.814Z"}
{"level":"info","message":"connected to mongo","timestamp":"2022-09-27T14:18:16.802Z"}
{"level":"info","message":"connected to mongo","timestamp":"2022-09-27T14:24:30.653Z"}
{"level":"info","message":"connected to mongo","timestamp":"2022-09-27T14:24:36.730Z"}
{"level":"info","message":"connected to mongo","timestamp":"2022-09-27T14:27:19.054Z"}
{"level":"info","message":"connected to mongo","timestamp":"2022-09-27T14:27:20.776Z"}
{"level":"fatal","message":"No recipients defined","timestamp":"2022-09-27T14:32:46.315Z"}
{"level":"info","message":"connected to mongo","timestamp":"2022-09-27T14:34:37.513Z"}
{"level":"info","message":"connected to mongo","timestamp":"2022-09-27T14:34:41.722Z"}
{"level":"info","message":"connected to mongo","timestamp":"2022-09-27T14:36:13.278Z"}
{"level":"info","message":"connected to mongo","timestamp":"2022-09-27T14:36:16.631Z"}
{"level":"info","message":"connected to mongo","timestamp":"2022-09-27T14:36:32.118Z"}
{"level":"info","message":"connected to mongo","timestamp":"2022-09-27T14:36:37.456Z"}
{"level":"info","message":"connected to mongo","timestamp":"2022-09-27T14:40:38.859Z"}
{"level":"info","message":"connected to mongo","timestamp":"2022-09-27T14:40:42.979Z"}
{"level":"info","message":"connected to mongo","timestamp":"2022-09-27T14:42:02.515Z"}
{"level":"info","message":"connected to mongo","timestamp":"2022-09-28T08:44:24.510Z"}
{"level":"info","message":"connected to mongo","timestamp":"2022-09-28T08:45:18.406Z"}
{"level":"info","message":"connected to mongo","timestamp":"2022-09-28T08:45:27.809Z"}
{"level":"info","message":"connected to mongo","timestamp":"2022-09-28T08:50:39.889Z"}
{"level":"info","message":"connected to mongo","timestamp":"2022-09-28T08:50:43.305Z"}
{"level":"info","message":"connected to mongo","timestamp":"2022-09-28T08:53:16.817Z"}
{"level":"info","message":"connected to mongo","timestamp":"2022-09-28T08:53:19.734Z"}
{"level":"info","message":"connected to mongo","timestamp":"2022-09-28T08:53:58.059Z"}
{"level":"info","message":"connected to mongo","timestamp":"2022-09-28T09:31:23.914Z"}
{"level":"info","message":"connected to mongo","timestamp":"2022-09-28T18:43:31.264Z"}
{"level":"info","message":"connected to mongo","timestamp":"2022-09-28T18:59:44.150Z"}
{"level":"info","message":"connected to mongo","timestamp":"2022-09-28T18:59:52.596Z"}
{"level":"info","message":"connected to mongo","timestamp":"2022-09-28T18:59:58.277Z"}
{"level":"info","message":"connected to mongo","timestamp":"2022-09-28T19:00:00.011Z"}
{"level":"info","message":"connected to mongo","timestamp":"2022-09-28T19:00:01.918Z"}
{"level":"info","message":"connected to mongo","timestamp":"2022-09-28T19:00:11.697Z"}
{"level":"info","message":"connected to mongo","timestamp":"2022-09-28T19:00:38.884Z"}
{"level":"info","message":"connected to mongo","timestamp":"2022-09-28T19:00:48.515Z"}
{"level":"info","message":"connected to mongo","timestamp":"2022-09-29T08:23:39.464Z"}
{"level":"info","message":"connected to mongo","timestamp":"2022-09-29T12:14:01.415Z"}
{"level":"info","message":"connected to mongo","timestamp":"2022-09-30T18:04:40.518Z"}
{"level":"info","message":"connected to mongo","timestamp":"2022-10-01T12:47:33.149Z"}
{"level":"info","message":"connected to mongo","timestamp":"2022-10-01T18:23:41.191Z"}
{"level":"info","message":"connected to mongo","timestamp":"2022-10-01T18:52:17.599Z"}
{"level":"info","message":"connected to mongo","timestamp":"2022-10-01T18:52:26.265Z"}
{"level":"info","message":"connected to mongo","timestamp":"2022-10-01T18:53:23.923Z"}
{"level":"info","message":"connected to mongo","timestamp":"2022-10-01T18:55:06.766Z"}
{"level":"info","message":"connected to mongo","timestamp":"2022-10-01T18:56:09.620Z"}
{"level":"info","message":"connected to mongo","timestamp":"2022-10-01T18:58:17.207Z"}
{"level":"info","message":"connected to mongo","timestamp":"2022-10-01T18:58:21.550Z"}
{"level":"info","message":"connected to mongo","timestamp":"2022-10-01T19:00:14.591Z"}
{"level":"info","message":"connected to mongo","timestamp":"2022-10-01T19:00:23.108Z"}
{"level":"info","message":"connected to mongo","timestamp":"2022-10-01T19:04:52.426Z"}
{"level":"info","message":"connected to mongo","timestamp":"2022-10-01T19:04:58.199Z"}
{"level":"info","message":"connected to mongo","timestamp":"2022-10-01T19:05:26.080Z"}
{"level":"info","message":"connected to mongo","timestamp":"2022-10-01T19:06:05.400Z"}
{"level":"info","message":"connected to mongo","timestamp":"2022-10-03T09:21:04.518Z"}
{"level":"info","message":"connected to mongo","timestamp":"2022-10-03T10:14:49.323Z"}
{"level":"info","message":"connected to mongo","timestamp":"2022-10-03T10:15:00.591Z"}
{"level":"info","message":"connected to mongo","timestamp":"2022-10-03T10:15:12.149Z"}
{"level":"info","message":"connected to mongo","timestamp":"2022-10-03T10:15:23.809Z"}
{"level":"info","message":"connected to mongo","timestamp":"2022-10-03T10:19:25.340Z"}
{"level":"info","message":"connected to mongo","timestamp":"2022-10-03T10:22:08.782Z"}
{"level":"info","message":"connected to mongo","timestamp":"2022-10-03T10:23:07.670Z"}
{"level":"info","message":"connected to mongo","timestamp":"2022-10-05T21:12:12.780Z"}
{"level":"info","message":"connected to mongo","timestamp":"2022-10-07T12:28:25.808Z"}
{"level":"info","message":"connected to mongo","timestamp":"2022-10-09T09:38:18.914Z"}
{"level":"info","message":"connected to mongo","timestamp":"2022-10-09T11:31:50.311Z"}
{"level":"info","message":"connected to mongo","timestamp":"2022-10-09T11:32:05.059Z"}
{"level":"info","message":"connected to mongo","timestamp":"2022-10-09T11:48:36.873Z"}
{"level":"info","message":"connected to mongo","timestamp":"2022-10-09T11:49:16.660Z"}
{"level":"info","message":"connected to mongo","timestamp":"2022-10-09T11:57:30.937Z"}
{"level":"info","message":"connected to mongo","timestamp":"2022-10-09T11:57:39.153Z"}
{"level":"info","message":"connected to mongo","timestamp":"2022-10-09T11:58:39.645Z"}
{"level":"info","message":"connected to mongo","timestamp":"2022-10-09T11:59:11.214Z"}
{"level":"info","message":"connected to mongo","timestamp":"2022-10-09T11:59:28.988Z"}
{"level":"info","message":"connected to mongo","timestamp":"2022-10-09T11:59:43.191Z"}
{"level":"info","message":"connected to mongo","timestamp":"2022-10-09T11:59:57.269Z"}
{"level":"info","message":"connected to mongo","timestamp":"2022-10-09T12:00:09.451Z"}
{"level":"info","message":"connected to mongo","timestamp":"2022-10-09T12:05:40.347Z"}
{"level":"info","message":"connected to mongo","timestamp":"2022-10-09T12:05:49.357Z"}
{"level":"info","message":"connected to mongo","timestamp":"2022-10-09T12:05:53.555Z"}
{"level":"info","message":"connected to mongo","timestamp":"2022-10-09T12:06:06.788Z"}
{"level":"info","message":"connected to mongo","timestamp":"2022-10-09T12:06:24.223Z"}
{"level":"info","message":"connected to mongo","timestamp":"2022-10-09T12:06:31.680Z"}
{"level":"info","message":"connected to mongo","timestamp":"2022-10-09T12:06:37.733Z"}
{"level":"info","message":"connected to mongo","timestamp":"2022-10-09T12:06:41.991Z"}
{"level":"info","message":"connected to mongo","timestamp":"2022-10-09T12:06:58.899Z"}
{"level":"info","message":"connected to mongo","timestamp":"2022-10-09T12:07:11.557Z"}
{"level":"info","message":"connected to mongo","timestamp":"2022-10-09T12:07:19.831Z"}
{"level":"info","message":"connected to mongo","timestamp":"2022-10-09T12:07:28.547Z"}
{"level":"info","message":"connected to mongo","timestamp":"2022-10-09T12:07:33.855Z"}
{"level":"info","message":"connected to mongo","timestamp":"2022-10-09T12:07:43.176Z"}
{"level":"info","message":"connected to mongo","timestamp":"2022-10-09T12:07:49.343Z"}
{"level":"info","message":"connected to mongo","timestamp":"2022-10-09T12:07:56.104Z"}
{"level":"info","message":"connected to mongo","timestamp":"2022-10-09T12:08:02.077Z"}
{"level":"info","message":"connected to mongo","timestamp":"2022-10-09T12:08:22.619Z"}
{"level":"info","message":"connected to mongo","timestamp":"2022-10-09T12:08:30.936Z"}
{"level":"info","message":"connected to mongo","timestamp":"2022-10-09T12:08:44.295Z"}
{"level":"info","message":"connected to mongo","timestamp":"2022-10-09T12:08:55.984Z"}
{"level":"info","message":"connected to mongo","timestamp":"2022-10-09T12:09:04.281Z"}
{"level":"info","message":"connected to mongo","timestamp":"2022-10-09T12:09:10.906Z"}
{"level":"info","message":"connected to mongo","timestamp":"2022-10-09T12:09:18.066Z"}
{"level":"info","message":"connected to mongo","timestamp":"2022-10-09T12:09:31.012Z"}
{"level":"info","message":"connected to mongo","timestamp":"2022-10-09T12:09:39.335Z"}
{"level":"info","message":"connected to mongo","timestamp":"2022-10-09T12:09:45.854Z"}
{"level":"info","message":"connected to mongo","timestamp":"2022-10-09T12:09:49.519Z"}
{"level":"info","message":"connected to mongo","timestamp":"2022-10-09T12:09:58.418Z"}
{"level":"info","message":"connected to mongo","timestamp":"2022-10-09T12:10:02.640Z"}
{"level":"info","message":"connected to mongo","timestamp":"2022-10-09T12:10:27.955Z"}
{"level":"info","message":"connected to mongo","timestamp":"2022-10-09T12:11:04.142Z"}
{"level":"info","message":"connected to mongo","timestamp":"2022-10-09T12:11:16.285Z"}
{"level":"info","message":"connected to mongo","timestamp":"2022-10-09T12:12:09.034Z"}
{"level":"info","message":"connected to mongo","timestamp":"2022-10-09T12:12:20.450Z"}
{"level":"info","message":"connected to mongo","timestamp":"2022-10-09T12:12:25.487Z"}
{"level":"info","message":"connected to mongo","timestamp":"2022-10-09T12:12:30.273Z"}
{"level":"info","message":"connected to mongo","timestamp":"2022-10-09T12:12:41.359Z"}
{"level":"info","message":"connected to mongo","timestamp":"2022-10-09T12:12:46.532Z"}
{"level":"info","message":"connected to mongo","timestamp":"2022-10-09T12:12:50.480Z"}
{"level":"info","message":"connected to mongo","timestamp":"2022-10-09T12:12:56.900Z"}
{"level":"info","message":"connected to mongo","timestamp":"2022-10-09T12:13:01.546Z"}
{"level":"info","message":"connected to mongo","timestamp":"2022-10-09T12:13:07.552Z"}
{"level":"info","message":"connected to mongo","timestamp":"2022-10-09T12:13:37.577Z"}
{"level":"info","message":"connected to mongo","timestamp":"2022-10-09T12:13:41.229Z"}
{"level":"info","message":"connected to mongo","timestamp":"2022-10-09T12:15:10.178Z"}
{"level":"info","message":"connected to mongo","timestamp":"2022-10-09T12:15:30.837Z"}
{"level":"info","message":"connected to mongo","timestamp":"2022-10-09T12:16:59.237Z"}
{"level":"info","message":"connected to mongo","timestamp":"2022-10-09T12:17:17.067Z"}
{"level":"info","message":"connected to mongo","timestamp":"2022-10-09T12:17:21.909Z"}
{"level":"info","message":"connected to mongo","timestamp":"2022-10-09T12:18:07.982Z"}
{"level":"info","message":"connected to mongo","timestamp":"2022-10-09T12:18:14.694Z"}
{"level":"info","message":"connected to mongo","timestamp":"2022-10-09T12:18:44.285Z"}
{"level":"info","message":"connected to mongo","timestamp":"2022-10-09T12:18:53.579Z"}
{"level":"info","message":"connected to mongo","timestamp":"2022-10-09T12:19:02.175Z"}
{"level":"info","message":"connected to mongo","timestamp":"2022-10-09T12:19:37.505Z"}
{"level":"info","message":"connected to mongo","timestamp":"2022-10-09T12:20:02.219Z"}
{"level":"info","message":"connected to mongo","timestamp":"2022-10-09T12:20:07.000Z"}
{"level":"info","message":"connected to mongo","timestamp":"2022-10-09T12:20:12.341Z"}
{"level":"info","message":"connected to mongo","timestamp":"2022-10-09T12:20:28.294Z"}
{"level":"info","message":"connected to mongo","timestamp":"2022-10-09T12:20:36.883Z"}
{"level":"info","message":"connected to mongo","timestamp":"2022-10-09T12:21:07.160Z"}
{"level":"info","message":"connected to mongo","timestamp":"2022-10-09T12:21:15.910Z"}
{"level":"info","message":"connected to mongo","timestamp":"2022-10-09T12:21:26.429Z"}
{"level":"info","message":"connected to mongo","timestamp":"2022-10-09T12:21:40.551Z"}
{"level":"info","message":"connected to mongo","timestamp":"2022-10-09T12:21:49.409Z"}
{"level":"info","message":"connected to mongo","timestamp":"2022-10-09T12:21:56.517Z"}
{"level":"info","message":"connected to mongo","timestamp":"2022-10-09T12:22:08.606Z"}
{"level":"info","message":"connected to mongo","timestamp":"2022-10-09T12:23:13.524Z"}
{"level":"info","message":"connected to mongo","timestamp":"2022-10-09T12:23:20.891Z"}
{"level":"info","message":"connected to mongo","timestamp":"2022-10-09T12:24:40.726Z"}
{"level":"info","message":"connected to mongo","timestamp":"2022-10-09T12:24:46.404Z"}
{"level":"info","message":"connected to mongo","timestamp":"2022-10-09T12:24:53.131Z"}
{"level":"info","message":"connected to mongo","timestamp":"2022-10-09T12:25:09.918Z"}
{"level":"info","message":"connected to mongo","timestamp":"2022-10-09T12:25:21.344Z"}
{"level":"info","message":"connected to mongo","timestamp":"2022-10-09T12:25:37.885Z"}
{"level":"info","message":"connected to mongo","timestamp":"2022-10-09T12:25:45.634Z"}
{"level":"info","message":"connected to mongo","timestamp":"2022-10-09T12:27:27.543Z"}
{"level":"info","message":"connected to mongo","timestamp":"2022-10-09T12:28:42.558Z"}
{"level":"info","message":"connected to mongo","timestamp":"2022-10-09T12:28:50.586Z"}
{"level":"info","message":"connected to mongo","timestamp":"2022-10-09T12:29:14.786Z"}
{"level":"info","message":"connected to mongo","timestamp":"2022-10-09T12:29:18.967Z"}
{"level":"info","message":"connected to mongo","timestamp":"2022-10-09T12:29:23.654Z"}
{"level":"info","message":"connected to mongo","timestamp":"2022-10-09T12:29:39.762Z"}
{"level":"info","message":"connected to mongo","timestamp":"2022-10-09T12:29:57.416Z"}
{"level":"info","message":"connected to mongo","timestamp":"2022-10-09T12:30:05.208Z"}
{"level":"info","message":"connected to mongo","timestamp":"2022-10-09T12:30:18.420Z"}
{"level":"info","message":"connected to mongo","timestamp":"2022-10-09T12:30:25.633Z"}
{"level":"info","message":"connected to mongo","timestamp":"2022-10-09T12:30:39.502Z"}
{"level":"info","message":"connected to mongo","timestamp":"2022-10-09T12:30:44.400Z"}
{"level":"info","message":"connected to mongo","timestamp":"2022-10-09T12:30:51.807Z"}
{"level":"info","message":"connected to mongo","timestamp":"2022-10-09T12:30:59.229Z"}
{"level":"info","message":"connected to mongo","timestamp":"2022-10-09T12:31:47.444Z"}
{"level":"info","message":"connected to mongo","timestamp":"2022-10-09T12:32:11.046Z"}
{"level":"info","message":"connected to mongo","timestamp":"2022-10-09T12:32:28.270Z"}
{"level":"info","message":"connected to mongo","timestamp":"2022-10-09T12:32:40.452Z"}
{"level":"info","message":"connected to mongo","timestamp":"2022-10-09T12:32:45.092Z"}
{"level":"info","message":"connected to mongo","timestamp":"2022-10-09T12:32:52.019Z"}
{"level":"info","message":"connected to mongo","timestamp":"2022-10-09T12:33:32.334Z"}
{"level":"info","message":"connected to mongo","timestamp":"2022-10-09T12:34:03.857Z"}
{"level":"info","message":"connected to mongo","timestamp":"2022-10-09T12:34:59.870Z"}
{"level":"info","message":"connected to mongo","timestamp":"2022-10-09T12:35:17.353Z"}
{"level":"info","message":"connected to mongo","timestamp":"2022-10-09T12:35:45.152Z"}
{"level":"info","message":"connected to mongo","timestamp":"2022-10-09T12:37:51.599Z"}
{"level":"info","message":"connected to mongo","timestamp":"2022-10-09T12:38:13.259Z"}
{"level":"info","message":"connected to mongo","timestamp":"2022-10-09T12:38:18.248Z"}
{"level":"info","message":"connected to mongo","timestamp":"2022-10-09T12:39:08.369Z"}
{"level":"info","message":"connected to mongo","timestamp":"2022-10-09T12:39:15.518Z"}
{"level":"info","message":"connected to mongo","timestamp":"2022-10-09T12:39:23.944Z"}
{"level":"info","message":"connected to mongo","timestamp":"2022-10-09T12:40:09.040Z"}
{"level":"info","message":"connected to mongo","timestamp":"2022-10-09T12:40:16.858Z"}
{"level":"info","message":"connected to mongo","timestamp":"2022-10-09T12:40:41.997Z"}
{"level":"info","message":"connected to mongo","timestamp":"2022-10-09T12:40:45.912Z"}
{"level":"info","message":"connected to mongo","timestamp":"2022-10-09T12:40:50.633Z"}
{"level":"info","message":"connected to mongo","timestamp":"2022-10-09T12:41:24.202Z"}
{"level":"info","message":"connected to mongo","timestamp":"2022-10-09T12:42:00.538Z"}
{"level":"info","message":"connected to mongo","timestamp":"2022-10-09T12:43:23.625Z"}
{"level":"info","message":"connected to mongo","timestamp":"2022-10-09T12:43:35.150Z"}
{"level":"info","message":"connected to mongo","timestamp":"2022-10-09T12:44:02.321Z"}
{"level":"info","message":"connected to mongo","timestamp":"2022-10-09T12:44:16.272Z"}
{"level":"info","message":"connected to mongo","timestamp":"2022-10-10T14:30:11.274Z"}
{"level":"info","message":"connected to mongo","timestamp":"2022-10-10T14:30:36.712Z"}
{"level":"info","message":"connected to mongo","timestamp":"2022-10-10T14:31:43.484Z"}
{"level":"info","message":"connected to mongo","timestamp":"2022-10-10T14:31:54.679Z"}
{"level":"info","message":"connected to mongo","timestamp":"2022-10-10T14:32:16.225Z"}
{"level":"info","message":"connected to mongo","timestamp":"2022-10-10T14:32:22.629Z"}
{"level":"info","message":"connected to mongo","timestamp":"2022-10-10T14:32:26.727Z"}
{"level":"info","message":"connected to mongo","timestamp":"2022-10-10T14:32:33.480Z"}
{"level":"info","message":"connected to mongo","timestamp":"2022-10-10T14:42:04.925Z"}
{"level":"info","message":"connected to mongo","timestamp":"2022-10-10T14:42:22.287Z"}
{"level":"info","message":"connected to mongo","timestamp":"2022-10-10T14:42:44.154Z"}
{"level":"info","message":"connected to mongo","timestamp":"2022-10-10T14:42:58.290Z"}
{"level":"info","message":"connected to mongo","timestamp":"2022-10-10T14:43:37.268Z"}
{"level":"info","message":"connected to mongo","timestamp":"2022-10-10T14:43:47.986Z"}
{"level":"info","message":"connected to mongo","timestamp":"2022-10-10T14:44:02.897Z"}
{"level":"info","message":"connected to mongo","timestamp":"2022-10-10T14:44:31.658Z"}
{"level":"info","message":"connected to mongo","timestamp":"2022-10-11T10:47:04.838Z"}
{"level":"info","message":"connected to mongo","timestamp":"2022-10-11T14:10:34.744Z"}
